 Fratii Camataru          --         Cei 4 fantastici
 Cercetasele              --                 Sirenele
 Winner                   --                      TNT
 Cota 50                  --                  Monster
 Cozonacu si Stomacu      --                    L & M
 Pic si Poc               --              Do Not Stop
 Flavius*2                --                  Eugenia
 Clanu Nicula             --             Night Eagels
 The Skyrynners           --                    4Team
 Castigatorii             --           Shooting Stars
 Fear the Fearless        --        Ferocious Killers
 Goal Diggers             --             Wonder Women
 The Abusement Park       --             The Drifters
 Gangs of New Pork        --        Chafing the Dream
 Honey Badgers            --Between a Walk and a Hard Pace
 The Big Egos             --          The Waiver Wire
 The Waiver Wire          ---9.00
 Honey Badgers            ---10.50
 Chafing the Dream        ---10.00
 The Abusement Park       ---9.50
 Goal Diggers             ---9.00
 Ferocious Killers        ---8.50
 Shooting Stars           ---9.50
 The Skyrynners           ---8.00
 Night Eagels             ---7.50
 Flavius*2                ---8.50
 Pic si Poc               ---7.50
 L & M                    ---8.50
 Cota 50                  ---7.00
 Winner                   ---8.00
 Sirenele                 ---9.50
 Fratii Camataru          ---8.00
 The Waiver Wire          --            Honey Badgers
 Chafing the Dream        --       The Abusement Park
 Goal Diggers             --        Ferocious Killers
 Shooting Stars           --           The Skyrynners
 Night Eagels             --                Flavius*2
 Pic si Poc               --                    L & M
 Cota 50                  --                   Winner
 Sirenele                 --          Fratii Camataru
 Sirenele                 ---10.50
 Winner                   ---9.00
 L & M                    ---9.50
 Flavius*2                ---9.50
 Shooting Stars           ---10.50
 Goal Diggers             ---10.00
 Chafing the Dream        ---11.00
 Honey Badgers            ---11.50
 Sirenele                 --                   Winner
 L & M                    --                Flavius*2
 Shooting Stars           --             Goal Diggers
 Chafing the Dream        --            Honey Badgers
 Honey Badgers            ---12.50
 Shooting Stars           ---11.50
 L & M                    ---10.50
 Sirenele                 ---11.50
 Honey Badgers            --           Shooting Stars
 L & M                    --                 Sirenele
 Sirenele                 ---12.50
 Honey Badgers            ---13.50
 Sirenele                 --            Honey Badgers
 Honey Badgers            ---14.50
 Honey Badgers            --- 14.50
 Chafing the Dream        --- 11.00
 Sirenele                 --- 12.50
 Shooting Stars           --- 11.50
 Goal Diggers             --- 10.00
 L & M                    --- 10.50
 Flavius*2                --- 9.50
 Winner                   --- 9.00
